DEBUG 2012-05-08 19:29:37,772 Start from server, version: 8.0, properties: {u'information': u'Licensed under the MPL.  See http://www.rabbitmq.com/', u'product': u'RabbitMQ', u'copyright': u'Copyright (C) 2007-2011 VMware, Inc.', u'capabilities': {}, u'platform': u'Erlang/OTP', u'version': u'2.7.1'}, mechanisms: [u'PLAIN', u'AMQPLAIN'], locales: [u'en_US']
DEBUG 2012-05-08 19:29:37,773 Open OK! known_hosts []
DEBUG 2012-05-08 19:29:37,774 using channel_id: 1
DEBUG 2012-05-08 19:29:37,775 Channel open
DEBUG 2012-05-08 19:44:25,376 execute "CREATE TABLE "celery_taskmeta" ("id" integer NOT NULL PRIMARY KEY, "task_id" varchar(255) NOT NULL UNIQUE, "status" varchar(50) NOT NULL DEFAULT 'PENDING', "result" text NULL, "date_done" datetime NOT NULL, "traceback" text NULL);" with params "[]"
DEBUG 2012-05-08 19:44:25,577 execute "CREATE TABLE "celery_tasksetmeta" ("id" integer NOT NULL PRIMARY KEY, "taskset_id" varchar(255) NOT NULL UNIQUE, "result" text NOT NULL, "date_done" datetime NOT NULL);" with params "[]"
DEBUG 2012-05-08 19:44:25,752 execute "CREATE TABLE "djcelery_intervalschedule" ("id" integer NOT NULL PRIMARY KEY, "every" integer NOT NULL, "period" varchar(24) NOT NULL);" with params "[]"
DEBUG 2012-05-08 19:44:25,928 execute "CREATE TABLE "djcelery_crontabschedule" ("id" integer NOT NULL PRIMARY KEY, "minute" varchar(64) NOT NULL DEFAULT '*', "hour" varchar(64) NOT NULL DEFAULT '*', "day_of_week" varchar(64) NOT NULL DEFAULT '*');" with params "[]"
DEBUG 2012-05-08 19:44:26,104 execute "CREATE TABLE "djcelery_periodictasks" ("ident" smallint NOT NULL PRIMARY KEY DEFAULT 1, "last_update" datetime NOT NULL);" with params "[]"
DEBUG 2012-05-08 19:44:26,285 execute "CREATE TABLE "djcelery_periodictask" ("id" integer NOT NULL PRIMARY KEY, "name" varchar(200) NOT NULL UNIQUE, "task" varchar(200) NOT NULL, "interval_id" integer NULL, "crontab_id" integer NULL, "args" text NOT NULL DEFAULT '[]', "kwargs" text NOT NULL DEFAULT '{}', "queue" varchar(200) NULL, "exchange" varchar(200) NULL, "routing_key" varchar(200) NULL, "expires" datetime NULL, "enabled" bool NOT NULL DEFAULT True, "last_run_at" datetime NULL, "total_run_count" integer unsigned NOT NULL DEFAULT 0, "date_changed" datetime NOT NULL);" with params "[]"
DEBUG 2012-05-08 19:44:26,481 execute "CREATE TABLE "djcelery_workerstate" ("id" integer NOT NULL PRIMARY KEY, "hostname" varchar(255) NOT NULL UNIQUE, "last_heartbeat" datetime NULL);" with params "[]"
DEBUG 2012-05-08 19:44:26,666 execute "CREATE TABLE "djcelery_taskstate" ("id" integer NOT NULL PRIMARY KEY, "state" varchar(64) NOT NULL, "task_id" varchar(36) NOT NULL UNIQUE, "name" varchar(200) NULL, "tstamp" datetime NOT NULL, "args" text NULL, "kwargs" text NULL, "eta" datetime NULL, "expires" datetime NULL, "result" text NULL, "traceback" text NULL, "runtime" real NULL, "retries" integer NOT NULL DEFAULT 0, "worker_id" integer NULL, "hidden" bool NOT NULL DEFAULT False);" with params "[]"
DEBUG 2012-05-08 19:44:26,848 execute "CREATE INDEX "djcelery_periodictask_17d2d99d" ON "djcelery_periodictask" ("interval_id");" with params "[]"
DEBUG 2012-05-08 19:44:27,032 execute "CREATE INDEX "djcelery_periodictask_7aa5fda" ON "djcelery_periodictask" ("crontab_id");" with params "[]"
DEBUG 2012-05-08 19:44:27,224 execute "CREATE INDEX "djcelery_workerstate_eb8ac7e4" ON "djcelery_workerstate" ("last_heartbeat");" with params "[]"
DEBUG 2012-05-08 19:44:27,408 execute "CREATE INDEX "djcelery_taskstate_355bfc27" ON "djcelery_taskstate" ("state");" with params "[]"
DEBUG 2012-05-08 19:44:27,583 execute "CREATE INDEX "djcelery_taskstate_52094d6e" ON "djcelery_taskstate" ("name");" with params "[]"
DEBUG 2012-05-08 19:44:27,759 execute "CREATE INDEX "djcelery_taskstate_f0ba6500" ON "djcelery_taskstate" ("tstamp");" with params "[]"
DEBUG 2012-05-08 19:44:27,926 execute "CREATE INDEX "djcelery_taskstate_20fc5b84" ON "djcelery_taskstate" ("worker_id");" with params "[]"
DEBUG 2012-05-08 19:44:28,101 execute "CREATE INDEX "djcelery_taskstate_c91f1bf" ON "djcelery_taskstate" ("hidden");" with params "[]"
DEBUG 2012-05-08 19:44:28,376 execute "CREATE TABLE "_south_new_djcelery_periodictask" ("crontab_id" integer, "task" varchar(200) NOT NULL, "name" varchar(200) NOT NULL UNIQUE, "exchange" varchar(200), "args" text NOT NULL DEFAULT '[]', "enabled" bool NOT NULL DEFAULT True, "routing_key" varchar(200), "interval_id" integer, "last_run_at" datetime, "queue" varchar(200), "total_run_count" integer unsigned NOT NULL DEFAULT 0, "expires" datetime, "kwargs" text NOT NULL DEFAULT '{}', "date_changed" datetime NOT NULL, "id" integer PRIMARY KEY, "description" text NOT NULL DEFAULT '')" with params "[]"
DEBUG 2012-05-08 19:44:28,520 execute "INSERT INTO "_south_new_djcelery_periodictask" ("id", "name", "task", "interval_id", "crontab_id", "args", "kwargs", "queue", "exchange", "routing_key", "expires", "enabled", "last_run_at", "total_run_count", "date_changed") SELECT "id", "name", "task", "interval_id", "crontab_id", "args", "kwargs", "queue", "exchange", "routing_key", "expires", "enabled", "last_run_at", "total_run_count", "date_changed" FROM "djcelery_periodictask";" with params "[]"
DEBUG 2012-05-08 19:44:28,521 execute "DROP TABLE "djcelery_periodictask";" with params "[]"
DEBUG 2012-05-08 19:44:28,864 execute "ALTER TABLE "_south_new_djcelery_periodictask" RENAME TO "djcelery_periodictask";" with params "[]"
DEBUG 2012-05-08 19:44:28,999 execute "CREATE TABLE "_south_new_celery_taskmeta" ("status" varchar(50) NOT NULL DEFAULT 'PENDING', "task_id" varchar(255) NOT NULL UNIQUE, "date_done" datetime NOT NULL, "traceback" text, "result" text, "hidden" bool NOT NULL DEFAULT False, "id" integer PRIMARY KEY)" with params "[]"
DEBUG 2012-05-08 19:44:29,131 execute "INSERT INTO "_south_new_celery_taskmeta" ("id", "task_id", "status", "result", "date_done", "traceback") SELECT "id", "task_id", "status", "result", "date_done", "traceback" FROM "celery_taskmeta";" with params "[]"
DEBUG 2012-05-08 19:44:29,132 execute "DROP TABLE "celery_taskmeta";" with params "[]"
DEBUG 2012-05-08 19:44:29,314 execute "ALTER TABLE "_south_new_celery_taskmeta" RENAME TO "celery_taskmeta";" with params "[]"
DEBUG 2012-05-08 19:44:29,457 execute "CREATE TABLE "_south_new_celery_tasksetmeta" ("taskset_id" varchar(255) NOT NULL UNIQUE, "hidden" bool NOT NULL DEFAULT False, "id" integer PRIMARY KEY, "date_done" datetime NOT NULL, "result" text NOT NULL)" with params "[]"
DEBUG 2012-05-08 19:44:29,567 execute "INSERT INTO "_south_new_celery_tasksetmeta" ("id", "taskset_id", "result", "date_done") SELECT "id", "taskset_id", "result", "date_done" FROM "celery_tasksetmeta";" with params "[]"
DEBUG 2012-05-08 19:44:29,568 execute "DROP TABLE "celery_tasksetmeta";" with params "[]"
DEBUG 2012-05-08 19:44:29,688 execute "ALTER TABLE "_south_new_celery_tasksetmeta" RENAME TO "celery_tasksetmeta";" with params "[]"
DEBUG 2012-05-08 19:44:29,838 execute "CREATE INDEX "celery_taskmeta_c91f1bf" ON "celery_taskmeta" ("hidden");" with params "[]"
DEBUG 2012-05-08 19:44:29,950 execute "CREATE INDEX "celery_tasksetmeta_c91f1bf" ON "celery_tasksetmeta" ("hidden");" with params "[]"
DEBUG 2012-05-12 16:32:30,168 execute "CREATE TABLE "django_template" ("id" integer NOT NULL PRIMARY KEY, "name" varchar(100) NOT NULL UNIQUE, "content" text NOT NULL, "creation_date" datetime NOT NULL DEFAULT '2012-05-12 16:32:30.168369', "last_changed" datetime NOT NULL DEFAULT '2012-05-12 16:32:30.168508');" with params "[]"
DEBUG 2012-05-12 16:32:30,366 execute "CREATE TABLE "django_template_sites" ("id" integer NOT NULL PRIMARY KEY, "template_id" integer NOT NULL, "site_id" integer NOT NULL);" with params "[]"
DEBUG 2012-05-12 16:32:30,566 execute "CREATE UNIQUE INDEX "django_template_sites_template_id__site_id" ON "django_template_sites"("template_id", "site_id");" with params "[]"
DEBUG 2012-05-12 16:32:30,766 execute "CREATE INDEX "django_template_sites_1e0a3f4a" ON "django_template_sites" ("template_id");" with params "[]"
DEBUG 2012-05-12 16:32:30,983 execute "CREATE INDEX "django_template_sites_6223029" ON "django_template_sites" ("site_id");" with params "[]"
DEBUG 2012-05-12 16:32:31,281 execute "CREATE TABLE "_south_new_django_template" ("content" text NOT NULL, "last_changed" datetime NOT NULL DEFAULT '2012-05-12 16:32:30.168508', "creation_date" datetime NOT NULL DEFAULT '2012-05-12 16:32:30.168369', "id" integer PRIMARY KEY, "name" varchar(100) NOT NULL)" with params "[]"
DEBUG 2012-05-12 16:32:31,445 execute "INSERT INTO "_south_new_django_template" ("id", "name", "content", "creation_date", "last_changed") SELECT "id", "name", "content", "creation_date", "last_changed" FROM "django_template";" with params "[]"
DEBUG 2012-05-12 16:32:31,445 execute "DROP TABLE "django_template";" with params "[]"
DEBUG 2012-05-12 16:32:31,565 execute "ALTER TABLE "_south_new_django_template" RENAME TO "django_template";" with params "[]"
DEBUG 2012-05-12 16:32:31,987 execute "CREATE TABLE "_south_new_easter_user_profile" ("template_name" varchar(32) NOT NULL DEFAULT '', "bio" varchar(1000) NOT NULL, "education" varchar(2) NOT NULL, "user_id" integer NOT NULL UNIQUE, "city_id" integer, "gender" varchar(1) NOT NULL, "philosophy" varchar(1000) NOT NULL, "country_id" integer, "slug" varchar(32) NOT NULL UNIQUE, "languages" varchar(1000) NOT NULL, "birthday" date, "avatar" varchar(100), "address" varchar(1000), "lat" real NOT NULL, "lng" real NOT NULL, "cell_phone" varchar(11) NOT NULL, "id" integer PRIMARY KEY, "occupation" varchar(4) NOT NULL)" with params "[]"
DEBUG 2012-05-12 16:32:32,156 execute "INSERT INTO "_south_new_easter_user_profile" ("bio", "cell_phone", "user_id", "city_id", "gender", "philosophy", "country_id", "id", "languages", "birthday", "avatar", "address", "lat", "lng", "education", "slug", "occupation") SELECT "bio", "cell_phone", "user_id", "city_id", "gender", "philosophy", "country_id", "id", "languages", "birthday", "avatar", "address", "lat", "lng", "education", "slug", "occupation" FROM "easter_user_profile";" with params "[]"
DEBUG 2012-05-12 16:32:32,158 execute "DROP TABLE "easter_user_profile";" with params "[]"
DEBUG 2012-05-12 16:32:32,342 execute "ALTER TABLE "_south_new_easter_user_profile" RENAME TO "easter_user_profile";" with params "[]"
DEBUG 2012-05-12 16:32:32,474 execute "CREATE TABLE "_south_new_easter_user_profile" ("bio" varchar(1000) NOT NULL, "cell_phone" varchar(11) NOT NULL, "user_id" integer NOT NULL UNIQUE, "city_id" integer, "template_name" varchar(32) NOT NULL DEFAULT '', "philosophy" varchar(1000) NOT NULL, "country_id" integer, "id" integer PRIMARY KEY, "languages" varchar(1000) NOT NULL, "birthday" date, "template_info" text NOT NULL DEFAULT '', "avatar" varchar(100), "gender" varchar(1) NOT NULL, "lat" real NOT NULL, "lng" real NOT NULL, "education" varchar(2) NOT NULL, "slug" varchar(32) NOT NULL UNIQUE, "address" varchar(1000), "occupation" varchar(4) NOT NULL)" with params "[]"
DEBUG 2012-05-12 16:32:32,591 execute "INSERT INTO "_south_new_easter_user_profile" ("template_name", "bio", "education", "user_id", "city_id", "gender", "philosophy", "country_id", "slug", "languages", "birthday", "avatar", "address", "lat", "lng", "cell_phone", "id", "occupation") SELECT "template_name", "bio", "education", "user_id", "city_id", "gender", "philosophy", "country_id", "slug", "languages", "birthday", "avatar", "address", "lat", "lng", "cell_phone", "id", "occupation" FROM "easter_user_profile";" with params "[]"
DEBUG 2012-05-12 16:32:32,592 execute "DROP TABLE "easter_user_profile";" with params "[]"
DEBUG 2012-05-12 16:32:32,782 execute "ALTER TABLE "_south_new_easter_user_profile" RENAME TO "easter_user_profile";" with params "[]"
DEBUG 2012-05-12 16:32:32,899 execute "CREATE TABLE "_south_new_easter_activity" ("code" varchar(128), "min_participants" smallint NOT NULL, "city_id" integer, "short_url" varchar(200), "address" varchar(1000), "currency" varchar(3) NOT NULL, "market_cost" integer NOT NULL, "datetime_description" varchar(1000) NOT NULL, "lng" real NOT NULL, "id" integer PRIMARY KEY, "crawl_url" varchar(4096), "cost_description" varchar(1000) NOT NULL, "provided" varchar(1000) NOT NULL, "cover_id" integer NOT NULL UNIQUE, "end" datetime NOT NULL, "title" varchar(45) NOT NULL UNIQUE, "country_id" integer, "cancel_policy_id" integer NOT NULL, "start" datetime NOT NULL, "template_name" varchar(32) NOT NULL DEFAULT '', "map_id" integer, "description" varchar(1000) NOT NULL, "expiry_date" datetime, "max_participants" smallint NOT NULL, "lat" real NOT NULL, "physical_level" smallint NOT NULL, "required" varchar(1000) NOT NULL, "publish_status" integer NOT NULL DEFAULT 2, "fsm" smallint NOT NULL DEFAULT 0, "activity_info" text NOT NULL, "cost" integer NOT NULL, "publish_date" datetime, "created_date" datetime NOT NULL, "author_id" integer NOT NULL)" with params "[]"
DEBUG 2012-05-12 16:32:33,017 execute "INSERT INTO "_south_new_easter_activity" ("code", "min_participants", "city_id", "short_url", "max_participants", "currency", "market_cost", "datetime_description", "lng", "cancel_policy_id", "crawl_url", "cost_description", "provided", "cover_id", "end", "title", "country_id", "id", "start", "map_id", "description", "expiry_date", "address", "lat", "physical_level", "required", "publish_status", "fsm", "activity_info", "cost", "publish_date", "created_date", "author_id") SELECT "code", "min_participants", "city_id", "short_url", "max_participants", "currency", "market_cost", "datetime_description", "lng", "cancel_policy_id", "crawl_url", "cost_description", "provided", "cover_id", "end", "title", "country_id", "id", "start", "map_id", "description", "expiry_date", "address", "lat", "physical_level", "required", "publish_status", "fsm", "activity_info", "cost", "publish_date", "created_date", "author_id" FROM "easter_activity";" with params "[]"
DEBUG 2012-05-12 16:32:33,022 execute "DROP TABLE "easter_activity";" with params "[]"
DEBUG 2012-05-12 16:32:33,277 execute "ALTER TABLE "_south_new_easter_activity" RENAME TO "easter_activity";" with params "[]"
DEBUG 2012-05-12 16:32:33,447 execute "CREATE TABLE "_south_new_easter_activity" ("code" varchar(128), "min_participants" smallint NOT NULL, "city_id" integer, "short_url" varchar(200), "max_participants" smallint NOT NULL, "currency" varchar(3) NOT NULL, "market_cost" integer NOT NULL, "datetime_description" varchar(1000) NOT NULL, "lng" real NOT NULL, "cancel_policy_id" integer NOT NULL, "crawl_url" varchar(4096), "cost_description" varchar(1000) NOT NULL, "provided" varchar(1000) NOT NULL, "cover_id" integer NOT NULL UNIQUE, "end" datetime NOT NULL, "title" varchar(45) NOT NULL UNIQUE, "country_id" integer, "id" integer PRIMARY KEY, "start" datetime NOT NULL, "template_name" varchar(32) NOT NULL DEFAULT '', "map_id" integer, "description" varchar(1000) NOT NULL, "expiry_date" datetime, "template_info" text NOT NULL DEFAULT '', "address" varchar(1000), "lat" real NOT NULL, "physical_level" smallint NOT NULL, "required" varchar(1000) NOT NULL, "publish_status" integer NOT NULL DEFAULT 2, "fsm" smallint NOT NULL DEFAULT 0, "activity_info" text NOT NULL, "cost" integer NOT NULL, "publish_date" datetime, "created_date" datetime NOT NULL, "author_id" integer NOT NULL)" with params "[]"
DEBUG 2012-05-12 16:32:33,567 execute "INSERT INTO "_south_new_easter_activity" ("code", "min_participants", "city_id", "short_url", "address", "currency", "market_cost", "datetime_description", "lng", "id", "crawl_url", "cost_description", "provided", "cover_id", "end", "title", "country_id", "cancel_policy_id", "start", "template_name", "map_id", "description", "expiry_date", "max_participants", "lat", "physical_level", "required", "publish_status", "fsm", "activity_info", "cost", "publish_date", "created_date", "author_id") SELECT "code", "min_participants", "city_id", "short_url", "address", "currency", "market_cost", "datetime_description", "lng", "id", "crawl_url", "cost_description", "provided", "cover_id", "end", "title", "country_id", "cancel_policy_id", "start", "template_name", "map_id", "description", "expiry_date", "max_participants", "lat", "physical_level", "required", "publish_status", "fsm", "activity_info", "cost", "publish_date", "created_date", "author_id" FROM "easter_activity";" with params "[]"
DEBUG 2012-05-12 16:32:33,570 execute "DROP TABLE "easter_activity";" with params "[]"
DEBUG 2012-05-12 16:32:33,781 execute "ALTER TABLE "_south_new_easter_activity" RENAME TO "easter_activity";" with params "[]"
DEBUG 2012-05-22 09:06:10,101 execute "CREATE TABLE "_south_new_easter_user_profile" ("bio" varchar(1000) NOT NULL, "education" varchar(2) NOT NULL, "user_id" integer NOT NULL UNIQUE, "city_id" integer, "template_name" varchar(32) NOT NULL DEFAULT '', "philosophy" varchar(1000) NOT NULL, "country_id" integer, "slug" varchar(32) NOT NULL UNIQUE, "languages" varchar(1000) NOT NULL, "birthday" date, "template_info" text NOT NULL DEFAULT '', "avatar" varchar(100), "mugshot" varchar(100) NOT NULL, "gender" varchar(1) NOT NULL, "lat" real NOT NULL, "lng" real NOT NULL, "cell_phone" varchar(11) NOT NULL, "id" integer PRIMARY KEY, "address" varchar(1000), "occupation" varchar(4) NOT NULL)" with params "[]"
DEBUG 2012-05-22 09:06:10,249 execute "INSERT INTO "_south_new_easter_user_profile" ("bio", "cell_phone", "user_id", "city_id", "template_name", "philosophy", "country_id", "id", "languages", "birthday", "template_info", "avatar", "gender", "lat", "lng", "education", "slug", "address", "occupation") SELECT "bio", "cell_phone", "user_id", "city_id", "template_name", "philosophy", "country_id", "id", "languages", "birthday", "template_info", "avatar", "gender", "lat", "lng", "education", "slug", "address", "occupation" FROM "easter_user_profile";" with params "[]"
DEBUG 2012-05-22 09:06:54,941 execute "CREATE TABLE "_south_new_easter_user_profile" ("bio" varchar(1000) NOT NULL, "education" varchar(2) NOT NULL, "user_id" integer NOT NULL UNIQUE, "city_id" integer, "template_name" varchar(32) NOT NULL DEFAULT '', "philosophy" varchar(1000) NOT NULL, "country_id" integer, "slug" varchar(32) NOT NULL UNIQUE, "languages" varchar(1000) NOT NULL, "birthday" date, "template_info" text NOT NULL DEFAULT '', "avatar" varchar(100), "mugshot" varchar(100) NOT NULL, "gender" varchar(1) NOT NULL, "lat" real NOT NULL, "lng" real NOT NULL, "cell_phone" varchar(11) NOT NULL, "id" integer PRIMARY KEY, "address" varchar(1000), "occupation" varchar(4) NOT NULL)" with params "[]"
DEBUG 2012-05-22 09:09:20,969 execute "CREATE TABLE "_south_new_easter_user_profile" ("bio" varchar(1000) NOT NULL, "education" varchar(2) NOT NULL, "user_id" integer NOT NULL UNIQUE, "city_id" integer, "template_name" varchar(32) NOT NULL DEFAULT '', "philosophy" varchar(1000) NOT NULL, "country_id" integer, "slug" varchar(32) NOT NULL UNIQUE, "languages" varchar(1000) NOT NULL, "birthday" date, "template_info" text NOT NULL DEFAULT '', "avatar" varchar(100), "mugshot" varchar(100) NULL, "gender" varchar(1) NOT NULL, "lat" real NOT NULL, "lng" real NOT NULL, "cell_phone" varchar(11) NOT NULL, "id" integer PRIMARY KEY, "address" varchar(1000), "occupation" varchar(4) NOT NULL)" with params "[]"
DEBUG 2012-05-22 09:09:21,128 execute "INSERT INTO "_south_new_easter_user_profile" ("bio", "cell_phone", "user_id", "city_id", "template_name", "philosophy", "country_id", "id", "languages", "birthday", "template_info", "avatar", "gender", "lat", "lng", "education", "slug", "address", "occupation") SELECT "bio", "cell_phone", "user_id", "city_id", "template_name", "philosophy", "country_id", "id", "languages", "birthday", "template_info", "avatar", "gender", "lat", "lng", "education", "slug", "address", "occupation" FROM "easter_user_profile";" with params "[]"
DEBUG 2012-05-22 09:09:21,130 execute "DROP TABLE "easter_user_profile";" with params "[]"
DEBUG 2012-05-22 09:09:21,351 execute "ALTER TABLE "_south_new_easter_user_profile" RENAME TO "easter_user_profile";" with params "[]"
DEBUG 2012-05-22 09:09:21,493 execute "CREATE TABLE "_south_new_easter_user_profile" ("bio" varchar(1000) NOT NULL, "cell_phone" varchar(11) NOT NULL, "user_id" integer NOT NULL UNIQUE, "privacy" varchar(15) NOT NULL DEFAULT 'registered', "city_id" integer, "template_name" varchar(32) NOT NULL DEFAULT '', "philosophy" varchar(1000) NOT NULL, "country_id" integer, "id" integer PRIMARY KEY, "languages" varchar(1000) NOT NULL, "birthday" date, "template_info" text NOT NULL DEFAULT '', "avatar" varchar(100), "mugshot" varchar(100), "gender" varchar(1) NOT NULL, "lat" real NOT NULL, "lng" real NOT NULL, "education" varchar(2) NOT NULL, "slug" varchar(32) NOT NULL UNIQUE, "address" varchar(1000), "occupation" varchar(4) NOT NULL)" with params "[]"
DEBUG 2012-05-22 09:09:21,644 execute "INSERT INTO "_south_new_easter_user_profile" ("bio", "education", "user_id", "city_id", "template_name", "philosophy", "country_id", "slug", "languages", "birthday", "template_info", "avatar", "mugshot", "gender", "lat", "lng", "cell_phone", "id", "address", "occupation") SELECT "bio", "education", "user_id", "city_id", "template_name", "philosophy", "country_id", "slug", "languages", "birthday", "template_info", "avatar", "mugshot", "gender", "lat", "lng", "cell_phone", "id", "address", "occupation" FROM "easter_user_profile";" with params "[]"
DEBUG 2012-05-22 09:09:21,647 execute "DROP TABLE "easter_user_profile";" with params "[]"
DEBUG 2012-05-22 09:09:21,842 execute "ALTER TABLE "_south_new_easter_user_profile" RENAME TO "easter_user_profile";" with params "[]"
DEBUG 2012-05-22 09:15:27,185 execute "CREATE TABLE "userena_userenasignup" ("id" integer NOT NULL PRIMARY KEY, "user_id" integer NOT NULL UNIQUE, "last_active" datetime NULL, "activation_key" varchar(40) NOT NULL, "activation_notification_send" bool NOT NULL DEFAULT False, "email_unconfirmed" varchar(75) NOT NULL, "email_confirmation_key" varchar(40) NOT NULL, "email_confirmation_key_created" datetime NULL);" with params "[]"
DEBUG 2012-07-21 16:21:52,311 execute "CREATE TABLE "easter_user_profile" ("id" integer NOT NULL PRIMARY KEY, "user_id" integer NOT NULL UNIQUE, "slug" varchar(32) NOT NULL UNIQUE, "gender" varchar(1) NOT NULL DEFAULT 'M', "birthday" date NULL, "bio" varchar(1000) NOT NULL DEFAULT '', "languages" varchar(1000) NOT NULL DEFAULT '', "philosophy" varchar(1000) NOT NULL DEFAULT '', "cell_phone" varchar(11) NOT NULL DEFAULT '', "occupation" varchar(4) NOT NULL DEFAULT '', "education" varchar(2) NOT NULL DEFAULT '');" with params "[]"
DEBUG 2012-07-21 16:21:52,967 execute "CREATE TABLE "celery_taskmeta" ("id" integer NOT NULL PRIMARY KEY, "task_id" varchar(255) NOT NULL UNIQUE, "status" varchar(50) NOT NULL DEFAULT 'PENDING', "result" text NULL, "date_done" datetime NOT NULL, "traceback" text NULL);" with params "[]"
DEBUG 2012-07-21 16:21:53,161 execute "CREATE TABLE "celery_tasksetmeta" ("id" integer NOT NULL PRIMARY KEY, "taskset_id" varchar(255) NOT NULL UNIQUE, "result" text NOT NULL, "date_done" datetime NOT NULL);" with params "[]"
DEBUG 2012-07-21 16:21:53,361 execute "CREATE TABLE "djcelery_intervalschedule" ("id" integer NOT NULL PRIMARY KEY, "every" integer NOT NULL, "period" varchar(24) NOT NULL);" with params "[]"
DEBUG 2012-07-21 16:21:53,512 execute "CREATE TABLE "djcelery_crontabschedule" ("id" integer NOT NULL PRIMARY KEY, "minute" varchar(64) NOT NULL DEFAULT '*', "hour" varchar(64) NOT NULL DEFAULT '*', "day_of_week" varchar(64) NOT NULL DEFAULT '*');" with params "[]"
DEBUG 2012-07-21 16:21:53,684 execute "CREATE TABLE "djcelery_periodictasks" ("ident" smallint NOT NULL PRIMARY KEY DEFAULT 1, "last_update" datetime NOT NULL);" with params "[]"
DEBUG 2012-07-21 16:21:53,931 execute "CREATE TABLE "djcelery_periodictask" ("id" integer NOT NULL PRIMARY KEY, "name" varchar(200) NOT NULL UNIQUE, "task" varchar(200) NOT NULL, "interval_id" integer NULL, "crontab_id" integer NULL, "args" text NOT NULL DEFAULT '[]', "kwargs" text NOT NULL DEFAULT '{}', "queue" varchar(200) NULL, "exchange" varchar(200) NULL, "routing_key" varchar(200) NULL, "expires" datetime NULL, "enabled" bool NOT NULL DEFAULT True, "last_run_at" datetime NULL, "total_run_count" integer unsigned NOT NULL DEFAULT 0, "date_changed" datetime NOT NULL);" with params "[]"
DEBUG 2012-07-21 16:21:54,138 execute "CREATE TABLE "djcelery_workerstate" ("id" integer NOT NULL PRIMARY KEY, "hostname" varchar(255) NOT NULL UNIQUE, "last_heartbeat" datetime NULL);" with params "[]"
DEBUG 2012-07-21 16:21:54,299 execute "CREATE TABLE "djcelery_taskstate" ("id" integer NOT NULL PRIMARY KEY, "state" varchar(64) NOT NULL, "task_id" varchar(36) NOT NULL UNIQUE, "name" varchar(200) NULL, "tstamp" datetime NOT NULL, "args" text NULL, "kwargs" text NULL, "eta" datetime NULL, "expires" datetime NULL, "result" text NULL, "traceback" text NULL, "runtime" real NULL, "retries" integer NOT NULL DEFAULT 0, "worker_id" integer NULL, "hidden" bool NOT NULL DEFAULT False);" with params "[]"
DEBUG 2012-07-21 16:21:54,505 execute "CREATE INDEX "djcelery_periodictask_17d2d99d" ON "djcelery_periodictask" ("interval_id");" with params "[]"
DEBUG 2012-07-21 16:21:54,640 execute "CREATE INDEX "djcelery_periodictask_7aa5fda" ON "djcelery_periodictask" ("crontab_id");" with params "[]"
DEBUG 2012-07-21 16:21:54,767 execute "CREATE INDEX "djcelery_workerstate_eb8ac7e4" ON "djcelery_workerstate" ("last_heartbeat");" with params "[]"
DEBUG 2012-07-21 16:21:54,932 execute "CREATE INDEX "djcelery_taskstate_355bfc27" ON "djcelery_taskstate" ("state");" with params "[]"
DEBUG 2012-07-21 16:21:55,081 execute "CREATE INDEX "djcelery_taskstate_52094d6e" ON "djcelery_taskstate" ("name");" with params "[]"
DEBUG 2012-07-21 16:21:55,240 execute "CREATE INDEX "djcelery_taskstate_f0ba6500" ON "djcelery_taskstate" ("tstamp");" with params "[]"
DEBUG 2012-07-21 16:21:55,400 execute "CREATE INDEX "djcelery_taskstate_20fc5b84" ON "djcelery_taskstate" ("worker_id");" with params "[]"
DEBUG 2012-07-21 16:21:55,556 execute "CREATE INDEX "djcelery_taskstate_c91f1bf" ON "djcelery_taskstate" ("hidden");" with params "[]"
DEBUG 2012-07-21 16:21:55,798 execute "CREATE TABLE "_south_new_djcelery_periodictask" ("crontab_id" integer, "task" varchar(200) NOT NULL, "name" varchar(200) NOT NULL UNIQUE, "exchange" varchar(200), "args" text NOT NULL DEFAULT '[]', "enabled" bool NOT NULL DEFAULT True, "routing_key" varchar(200), "interval_id" integer, "last_run_at" datetime, "queue" varchar(200), "total_run_count" integer unsigned NOT NULL DEFAULT 0, "expires" datetime, "kwargs" text NOT NULL DEFAULT '{}', "date_changed" datetime NOT NULL, "id" integer PRIMARY KEY, "description" text NOT NULL DEFAULT '')" with params "[]"
DEBUG 2012-07-21 16:21:56,011 execute "INSERT INTO "_south_new_djcelery_periodictask" ("id", "name", "task", "interval_id", "crontab_id", "args", "kwargs", "queue", "exchange", "routing_key", "expires", "enabled", "last_run_at", "total_run_count", "date_changed") SELECT "id", "name", "task", "interval_id", "crontab_id", "args", "kwargs", "queue", "exchange", "routing_key", "expires", "enabled", "last_run_at", "total_run_count", "date_changed" FROM "djcelery_periodictask";" with params "[]"
DEBUG 2012-07-21 16:21:56,012 execute "DROP TABLE "djcelery_periodictask";" with params "[]"
DEBUG 2012-07-21 16:21:56,155 execute "ALTER TABLE "_south_new_djcelery_periodictask" RENAME TO "djcelery_periodictask";" with params "[]"
DEBUG 2012-07-21 16:21:56,315 execute "CREATE TABLE "_south_new_celery_taskmeta" ("status" varchar(50) NOT NULL DEFAULT 'PENDING', "task_id" varchar(255) NOT NULL UNIQUE, "date_done" datetime NOT NULL, "traceback" text, "result" text, "hidden" bool NOT NULL DEFAULT False, "id" integer PRIMARY KEY)" with params "[]"
DEBUG 2012-07-21 16:21:56,450 execute "INSERT INTO "_south_new_celery_taskmeta" ("id", "task_id", "status", "result", "date_done", "traceback") SELECT "id", "task_id", "status", "result", "date_done", "traceback" FROM "celery_taskmeta";" with params "[]"
DEBUG 2012-07-21 16:21:56,451 execute "DROP TABLE "celery_taskmeta";" with params "[]"
DEBUG 2012-07-21 16:21:56,597 execute "ALTER TABLE "_south_new_celery_taskmeta" RENAME TO "celery_taskmeta";" with params "[]"
DEBUG 2012-07-21 16:21:56,726 execute "CREATE TABLE "_south_new_celery_tasksetmeta" ("taskset_id" varchar(255) NOT NULL UNIQUE, "hidden" bool NOT NULL DEFAULT False, "id" integer PRIMARY KEY, "date_done" datetime NOT NULL, "result" text NOT NULL)" with params "[]"
DEBUG 2012-07-21 16:21:56,883 execute "INSERT INTO "_south_new_celery_tasksetmeta" ("id", "taskset_id", "result", "date_done") SELECT "id", "taskset_id", "result", "date_done" FROM "celery_tasksetmeta";" with params "[]"
DEBUG 2012-07-21 16:21:56,884 execute "DROP TABLE "celery_tasksetmeta";" with params "[]"
DEBUG 2012-07-21 16:21:57,348 execute "ALTER TABLE "_south_new_celery_tasksetmeta" RENAME TO "celery_tasksetmeta";" with params "[]"
DEBUG 2012-07-21 16:21:57,498 execute "CREATE INDEX "celery_taskmeta_c91f1bf" ON "celery_taskmeta" ("hidden");" with params "[]"
DEBUG 2012-07-21 16:21:57,662 execute "CREATE INDEX "celery_tasksetmeta_c91f1bf" ON "celery_tasksetmeta" ("hidden");" with params "[]"
DEBUG 2012-07-21 16:21:58,870 execute "CREATE TABLE "django_template" ("id" integer NOT NULL PRIMARY KEY, "name" varchar(100) NOT NULL UNIQUE, "content" text NOT NULL, "creation_date" datetime NOT NULL DEFAULT '2012-07-21 16:21:58.870080', "last_changed" datetime NOT NULL DEFAULT '2012-07-21 16:21:58.870239');" with params "[]"
DEBUG 2012-07-21 16:21:59,015 execute "CREATE TABLE "django_template_sites" ("id" integer NOT NULL PRIMARY KEY, "template_id" integer NOT NULL, "site_id" integer NOT NULL);" with params "[]"
DEBUG 2012-07-21 16:21:59,201 execute "CREATE UNIQUE INDEX "django_template_sites_template_id__site_id" ON "django_template_sites"("template_id", "site_id");" with params "[]"
DEBUG 2012-07-21 16:21:59,336 execute "CREATE INDEX "django_template_sites_1e0a3f4a" ON "django_template_sites" ("template_id");" with params "[]"
DEBUG 2012-07-21 16:21:59,477 execute "CREATE INDEX "django_template_sites_6223029" ON "django_template_sites" ("site_id");" with params "[]"
DEBUG 2012-07-21 16:21:59,751 execute "CREATE TABLE "_south_new_django_template" ("content" text NOT NULL, "last_changed" datetime NOT NULL DEFAULT '2012-07-21 16:21:58.870239', "creation_date" datetime NOT NULL DEFAULT '2012-07-21 16:21:58.870080', "id" integer PRIMARY KEY, "name" varchar(100) NOT NULL)" with params "[]"
DEBUG 2012-07-21 16:21:59,910 execute "INSERT INTO "_south_new_django_template" ("id", "name", "content", "creation_date", "last_changed") SELECT "id", "name", "content", "creation_date", "last_changed" FROM "django_template";" with params "[]"
DEBUG 2012-07-21 16:21:59,911 execute "DROP TABLE "django_template";" with params "[]"
DEBUG 2012-07-21 16:22:00,321 execute "ALTER TABLE "_south_new_django_template" RENAME TO "django_template";" with params "[]"
